<?xml version="1.0" encoding="UTF-8"?>
<!-- Generated by org.testng.reporters.JUnitXMLReporter -->
<testsuite ignored="0" hostname="LAPTOP-AR9V7GV7" failures="0" tests="1" name="regression" time="7.177" errors="0" timestamp="2022-07-25T19:49:08 IST">
  <testcase classname="IRCTC_test_2.Test_by_TestNG" name="@BeforeMethod launchloginpage" time="0.098">
    <failure type="java.lang.NullPointerException" message="Cannot invoke &amp;quot;org.openqa.selenium.SearchContext.findElement(org.openqa.selenium.By)&amp;quot; because &amp;quot;this.searchContext&amp;quot; is null">
      <![CDATA[java.lang.NullPointerException: Cannot invoke "org.openqa.selenium.SearchContext.findElement(org.openqa.selenium.By)" because "this.searchContext" is null
at org.openqa.selenium.support.pagefactory.DefaultElementLocator.findElement(DefaultElementLocator.java:69)
at org.openqa.selenium.support.pagefactory.internal.LocatingElementHandler.invoke(LocatingElementHandler.java:38)
at com.sun.proxy.$Proxy12.click(Unknown Source)
at IRCTC2.login_a.okpopup(login_a.java:32)
at IRCTC_test_2.Test_by_TestNG.launchloginpage(Test_by_TestNG.java:36)
at java.base/java.util.ArrayList.forEach(ArrayList.java:1511)
... Removed 31 stack frames]]>
    </failure>
  </testcase> <!-- @BeforeMethod launchloginpage -->
  <testcase classname="IRCTC_test_2.Test_by_TestNG" name="testsearchtrain" time="0.0">
    <skipped/>
  </testcase> <!-- testsearchtrain -->
</testsuite> <!-- regression -->
